Arguments: 
  /home/oraio/.nvm/versions/node/v18.18.2/bin/node /home/oraio/.nvm/versions/node/v18.18.2/bin/yarn install

PATH: 
  /home/oraio/.cache/cloud-code/installer/google-cloud-sdk/bin:/home/oraio/.nvm/versions/node/v18.18.2/bin:/usr/local/bin:/usr/bin:/bin:/usr/local/games:/usr/games

Yarn version: 
  1.22.19

Node version: 
  18.18.2

Platform: 
  linux x64

Trace: 
  Error: read ECONNRESET
      at TLSWrap.onStreamRead (node:internal/stream_base_commons:217:20)

npm manifest: 
  {
    "name": "h-and-h",
    "version": "1.0.0",
    "license": "MIT",
    "scripts": {
      "test": "echo \"Error: no test specified\" && exit 1",
      "format": "prettier --write \"src/**/*.{js,jsx}\"",
      "lint": "eslint \"src/**/*.{js,jsx}\" --quiet",
      "dev": "parcel public/index.html",
      "build": "parcel build public/index.html --public-url ./"
    },
    "dependencies": {
      "bootstrap": "^5.3.2",
      "react": "^18.2.0",
      "react-dom": "^18.2.0"
    },
    "devDependencies": {
      "eslint": "^8.50.0",
      "eslint-config-prettier": "^9.0.0",
      "eslint-plugin-import": "^2.28.1",
      "eslint-plugin-jsx-a11y": "^6.7.1",
      "eslint-plugin-react": "^7.33.2",
      "parcel": "^2.9.3",
      "prettier": "^3.0.3",
      "process": "^0.11.10"
    },
    "browserslist": [
      "last 2 Chrome versions"
    ]
  }

yarn manifest: 
  No manifest

Lockfile: 
  No lockfile
